2023-11-14 10:07:11 [main] INFO  github.wx.v1.CRV1Application - Starting CRV1Application using Java 1.8.0_181 on LEGION-Ronin with PID 61952 (D:\javaLearning\javaProject\CR-Cache\v1\target\classes started by 25385 in D:\javaLearning\javaProject\CR-Cache)
2023-11-14 10:07:11 [main] INFO  github.wx.v1.CRV1Application - No active profile set, falling back to default profiles: default
2023-11-14 10:07:12 [main] INFO  o.a.coyote.http11.Http11NioProtocol - Initializing ProtocolHandler ["http-nio-8899"]
2023-11-14 10:07:12 [main] INFO  o.a.catalina.core.StandardService - Starting service [Tomcat]
2023-11-14 10:07:12 [main] INFO  o.a.catalina.core.StandardEngine - Starting Servlet engine: [Apache Tomcat/9.0.55]
2023-11-14 10:07:12 [main] INFO  o.a.c.c.C.[Tomcat].[localhost].[/] - Initializing Spring embedded WebApplicationContext
2023-11-14 10:07:13 [main] INFO  o.a.coyote.http11.Http11NioProtocol - Starting ProtocolHandler ["http-nio-8899"]
2023-11-14 10:07:13 [main] INFO  github.wx.v1.CRV1Application - Started CRV1Application in 2.23 seconds (JVM running for 3.052)
2023-11-14 10:07:19 [http-nio-8899-exec-1] INFO  o.a.c.c.C.[Tomcat].[localhost].[/] - Initializing Spring DispatcherServlet 'dispatcherServlet'
2023-11-14 10:07:20 [http-nio-8899-exec-1] INFO  g.w.v1.service.impl.OrderServiceImpl - get data from database
2023-11-14 10:07:20 [http-nio-8899-exec-1] INFO  com.zaxxer.hikari.HikariDataSource - MyHikariCP - Starting...
2023-11-14 10:07:20 [http-nio-8899-exec-1] INFO  com.zaxxer.hikari.HikariDataSource - MyHikariCP - Start completed.
2023-11-14 10:08:59 [http-nio-8899-exec-5] INFO  g.w.v1.service.impl.OrderServiceImpl - get data from redis
2023-11-14 10:14:53 [SpringApplicationShutdownHook] INFO  com.zaxxer.hikari.HikariDataSource - MyHikariCP - Shutdown initiated...
2023-11-14 10:14:53 [SpringApplicationShutdownHook] INFO  com.zaxxer.hikari.HikariDataSource - MyHikariCP - Shutdown completed.
2023-11-14 10:14:56 [main] INFO  github.wx.v1.CRV1Application - Starting CRV1Application using Java 1.8.0_181 on LEGION-Ronin with PID 56688 (D:\javaLearning\javaProject\CR-Cache\v1\target\classes started by 25385 in D:\javaLearning\javaProject\CR-Cache)
2023-11-14 10:14:56 [main] INFO  github.wx.v1.CRV1Application - No active profile set, falling back to default profiles: default
2023-11-14 10:14:57 [main] INFO  o.a.coyote.http11.Http11NioProtocol - Initializing ProtocolHandler ["http-nio-8899"]
2023-11-14 10:14:57 [main] INFO  o.a.catalina.core.StandardService - Starting service [Tomcat]
2023-11-14 10:14:57 [main] INFO  o.a.catalina.core.StandardEngine - Starting Servlet engine: [Apache Tomcat/9.0.55]
2023-11-14 10:14:57 [main] INFO  o.a.c.c.C.[Tomcat].[localhost].[/] - Initializing Spring embedded WebApplicationContext
2023-11-14 10:14:58 [main] INFO  o.a.coyote.http11.Http11NioProtocol - Starting ProtocolHandler ["http-nio-8899"]
2023-11-14 10:14:58 [main] INFO  github.wx.v1.CRV1Application - Started CRV1Application in 2.224 seconds (JVM running for 3.031)
2023-11-14 10:15:02 [http-nio-8899-exec-2] INFO  o.a.c.c.C.[Tomcat].[localhost].[/] - Initializing Spring DispatcherServlet 'dispatcherServlet'
2023-11-14 10:15:03 [http-nio-8899-exec-2] INFO  g.w.v1.service.impl.OrderServiceImpl - get data from database
2023-11-14 10:15:03 [http-nio-8899-exec-2] INFO  com.zaxxer.hikari.HikariDataSource - MyHikariCP - Starting...
2023-11-14 10:15:03 [http-nio-8899-exec-2] INFO  com.zaxxer.hikari.HikariDataSource - MyHikariCP - Start completed.
2023-11-14 10:16:07 [SpringApplicationShutdownHook] INFO  com.zaxxer.hikari.HikariDataSource - MyHikariCP - Shutdown initiated...
2023-11-14 10:16:07 [SpringApplicationShutdownHook] INFO  com.zaxxer.hikari.HikariDataSource - MyHikariCP - Shutdown completed.
2023-11-14 10:16:09 [main] INFO  github.wx.v1.CRV1Application - Starting CRV1Application using Java 1.8.0_181 on LEGION-Ronin with PID 61916 (D:\javaLearning\javaProject\CR-Cache\v1\target\classes started by 25385 in D:\javaLearning\javaProject\CR-Cache)
2023-11-14 10:16:09 [main] INFO  github.wx.v1.CRV1Application - No active profile set, falling back to default profiles: default
2023-11-14 10:16:10 [main] INFO  o.a.coyote.http11.Http11NioProtocol - Initializing ProtocolHandler ["http-nio-8899"]
2023-11-14 10:16:10 [main] INFO  o.a.catalina.core.StandardService - Starting service [Tomcat]
2023-11-14 10:16:10 [main] INFO  o.a.catalina.core.StandardEngine - Starting Servlet engine: [Apache Tomcat/9.0.55]
2023-11-14 10:16:10 [main] INFO  o.a.c.c.C.[Tomcat].[localhost].[/] - Initializing Spring embedded WebApplicationContext
2023-11-14 10:16:11 [main] INFO  o.a.coyote.http11.Http11NioProtocol - Starting ProtocolHandler ["http-nio-8899"]
2023-11-14 10:16:11 [main] INFO  github.wx.v1.CRV1Application - Started CRV1Application in 2.324 seconds (JVM running for 3.101)
2023-11-14 10:16:16 [http-nio-8899-exec-1] INFO  o.a.c.c.C.[Tomcat].[localhost].[/] - Initializing Spring DispatcherServlet 'dispatcherServlet'
2023-11-14 10:16:17 [http-nio-8899-exec-1] INFO  g.w.v1.service.impl.OrderServiceImpl - get data from redis
2023-11-14 10:35:09 [main] INFO  github.wx.v1.CRV1Application - Starting CRV1Application using Java 1.8.0_181 on LEGION-Ronin with PID 63964 (D:\javaLearning\javaProject\CR-Cache\v1\target\classes started by 25385 in D:\javaLearning\javaProject\CR-Cache)
2023-11-14 10:35:09 [main] INFO  github.wx.v1.CRV1Application - No active profile set, falling back to default profiles: default
2023-11-14 10:35:10 [main] INFO  o.a.coyote.http11.Http11NioProtocol - Initializing ProtocolHandler ["http-nio-8899"]
2023-11-14 10:35:10 [main] INFO  o.a.catalina.core.StandardService - Starting service [Tomcat]
2023-11-14 10:35:10 [main] INFO  o.a.catalina.core.StandardEngine - Starting Servlet engine: [Apache Tomcat/9.0.55]
2023-11-14 10:35:10 [main] INFO  o.a.c.c.C.[Tomcat].[localhost].[/] - Initializing Spring embedded WebApplicationContext
2023-11-14 10:35:11 [main] INFO  o.a.coyote.http11.Http11NioProtocol - Starting ProtocolHandler ["http-nio-8899"]
2023-11-14 10:35:11 [main] INFO  github.wx.v1.CRV1Application - Started CRV1Application in 2.279 seconds (JVM running for 3.072)
2023-11-14 10:35:30 [http-nio-8899-exec-2] INFO  o.a.c.c.C.[Tomcat].[localhost].[/] - Initializing Spring DispatcherServlet 'dispatcherServlet'
2023-11-14 10:37:45 [main] INFO  github.wx.v1.CRV1Application - Starting CRV1Application using Java 1.8.0_181 on LEGION-Ronin with PID 58240 (D:\javaLearning\javaProject\CR-Cache\v1\target\classes started by 25385 in D:\javaLearning\javaProject\CR-Cache)
2023-11-14 10:37:45 [main] INFO  github.wx.v1.CRV1Application - No active profile set, falling back to default profiles: default
2023-11-14 10:37:46 [main] INFO  o.a.coyote.http11.Http11NioProtocol - Initializing ProtocolHandler ["http-nio-8899"]
2023-11-14 10:37:46 [main] INFO  o.a.catalina.core.StandardService - Starting service [Tomcat]
2023-11-14 10:37:46 [main] INFO  o.a.catalina.core.StandardEngine - Starting Servlet engine: [Apache Tomcat/9.0.55]
2023-11-14 10:37:46 [main] INFO  o.a.c.c.C.[Tomcat].[localhost].[/] - Initializing Spring embedded WebApplicationContext
2023-11-14 10:37:47 [main] INFO  o.a.coyote.http11.Http11NioProtocol - Starting ProtocolHandler ["http-nio-8899"]
2023-11-14 10:37:47 [main] INFO  github.wx.v1.CRV1Application - Started CRV1Application in 2.249 seconds (JVM running for 3.07)
2023-11-14 10:37:50 [http-nio-8899-exec-1] INFO  o.a.c.c.C.[Tomcat].[localhost].[/] - Initializing Spring DispatcherServlet 'dispatcherServlet'
2023-11-14 10:43:03 [http-nio-8899-exec-9] INFO  g.w.v1.service.impl.OrderServiceImpl - update order data
2023-11-14 10:43:03 [http-nio-8899-exec-9] INFO  com.zaxxer.hikari.HikariDataSource - MyHikariCP - Starting...
2023-11-14 10:43:03 [http-nio-8899-exec-9] INFO  com.zaxxer.hikari.HikariDataSource - MyHikariCP - Start completed.
2023-11-14 10:44:12 [http-nio-8899-exec-1] INFO  g.w.v1.service.impl.OrderServiceImpl - get data from redis
2023-11-14 10:44:59 [http-nio-8899-exec-3] INFO  g.w.v1.service.impl.OrderServiceImpl - delete order
2023-11-14 10:45:50 [SpringApplicationShutdownHook] INFO  com.zaxxer.hikari.HikariDataSource - MyHikariCP - Shutdown initiated...
2023-11-14 10:45:50 [SpringApplicationShutdownHook] INFO  com.zaxxer.hikari.HikariDataSource - MyHikariCP - Shutdown completed.
2023-11-14 11:23:27 [main] INFO  github.wx.v3.CRV2Application - Starting CRV2Application using Java 1.8.0_181 on LEGION-Ronin with PID 15300 (D:\javaLearning\javaProject\CR-Cache\v2\target\classes started by 25385 in D:\javaLearning\javaProject\CR-Cache)
2023-11-14 11:23:27 [main] INFO  github.wx.v3.CRV2Application - No active profile set, falling back to default profiles: default
2023-11-14 11:23:27 [main] INFO  o.a.coyote.http11.Http11NioProtocol - Initializing ProtocolHandler ["http-nio-8892"]
2023-11-14 11:23:27 [main] INFO  o.a.catalina.core.StandardService - Starting service [Tomcat]
2023-11-14 11:23:27 [main] INFO  o.a.catalina.core.StandardEngine - Starting Servlet engine: [Apache Tomcat/9.0.55]
2023-11-14 11:23:28 [main] INFO  o.a.c.c.C.[Tomcat].[localhost].[/] - Initializing Spring embedded WebApplicationContext
2023-11-14 11:23:28 [main] INFO  o.a.catalina.core.StandardService - Stopping service [Tomcat]
2023-11-14 11:23:56 [main] INFO  github.wx.v3.CRV2Application - Starting CRV2Application using Java 1.8.0_181 on LEGION-Ronin with PID 63528 (D:\javaLearning\javaProject\CR-Cache\v2\target\classes started by 25385 in D:\javaLearning\javaProject\CR-Cache)
2023-11-14 11:23:56 [main] INFO  github.wx.v3.CRV2Application - No active profile set, falling back to default profiles: default
2023-11-14 11:23:56 [main] INFO  o.a.coyote.http11.Http11NioProtocol - Initializing ProtocolHandler ["http-nio-8892"]
2023-11-14 11:23:56 [main] INFO  o.a.catalina.core.StandardService - Starting service [Tomcat]
2023-11-14 11:23:56 [main] INFO  o.a.catalina.core.StandardEngine - Starting Servlet engine: [Apache Tomcat/9.0.55]
2023-11-14 11:23:56 [main] INFO  o.a.c.c.C.[Tomcat].[localhost].[/] - Initializing Spring embedded WebApplicationContext
2023-11-14 11:23:56 [main] INFO  o.a.catalina.core.StandardService - Stopping service [Tomcat]
2023-11-14 11:25:44 [main] INFO  github.wx.v3.CRV2Application - Starting CRV2Application using Java 1.8.0_181 on LEGION-Ronin with PID 63648 (D:\javaLearning\javaProject\CR-Cache\v2\target\classes started by 25385 in D:\javaLearning\javaProject\CR-Cache)
2023-11-14 11:25:44 [main] INFO  github.wx.v3.CRV2Application - No active profile set, falling back to default profiles: default
2023-11-14 11:25:45 [main] INFO  o.a.coyote.http11.Http11NioProtocol - Initializing ProtocolHandler ["http-nio-8892"]
2023-11-14 11:25:45 [main] INFO  o.a.catalina.core.StandardService - Starting service [Tomcat]
2023-11-14 11:25:45 [main] INFO  o.a.catalina.core.StandardEngine - Starting Servlet engine: [Apache Tomcat/9.0.55]
2023-11-14 11:25:45 [main] INFO  o.a.c.c.C.[Tomcat].[localhost].[/] - Initializing Spring embedded WebApplicationContext
2023-11-14 11:25:45 [main] INFO  o.a.catalina.core.StandardService - Stopping service [Tomcat]
2023-11-14 11:26:28 [main] INFO  github.wx.v3.CRV2Application - Starting CRV2Application using Java 1.8.0_181 on LEGION-Ronin with PID 61748 (D:\javaLearning\javaProject\CR-Cache\v2\target\classes started by 25385 in D:\javaLearning\javaProject\CR-Cache)
2023-11-14 11:26:28 [main] INFO  github.wx.v3.CRV2Application - No active profile set, falling back to default profiles: default
2023-11-14 11:26:28 [main] INFO  o.a.coyote.http11.Http11NioProtocol - Initializing ProtocolHandler ["http-nio-8892"]
2023-11-14 11:26:28 [main] INFO  o.a.catalina.core.StandardService - Starting service [Tomcat]
2023-11-14 11:26:28 [main] INFO  o.a.catalina.core.StandardEngine - Starting Servlet engine: [Apache Tomcat/9.0.55]
2023-11-14 11:26:28 [main] INFO  o.a.c.c.C.[Tomcat].[localhost].[/] - Initializing Spring embedded WebApplicationContext
2023-11-14 11:26:29 [main] INFO  o.a.coyote.http11.Http11NioProtocol - Starting ProtocolHandler ["http-nio-8892"]
2023-11-14 11:26:29 [main] INFO  github.wx.v3.CRV2Application - Started CRV2Application in 2.067 seconds (JVM running for 2.762)
2023-11-14 11:27:16 [main] INFO  github.wx.v3.CRV2Application - Starting CRV2Application using Java 1.8.0_181 on LEGION-Ronin with PID 58588 (D:\javaLearning\javaProject\CR-Cache\v2\target\classes started by 25385 in D:\javaLearning\javaProject\CR-Cache)
2023-11-14 11:27:16 [main] INFO  github.wx.v3.CRV2Application - No active profile set, falling back to default profiles: default
2023-11-14 11:27:17 [main] INFO  o.a.coyote.http11.Http11NioProtocol - Initializing ProtocolHandler ["http-nio-8892"]
2023-11-14 11:27:17 [main] INFO  o.a.catalina.core.StandardService - Starting service [Tomcat]
2023-11-14 11:27:17 [main] INFO  o.a.catalina.core.StandardEngine - Starting Servlet engine: [Apache Tomcat/9.0.55]
2023-11-14 11:27:17 [main] INFO  o.a.c.c.C.[Tomcat].[localhost].[/] - Initializing Spring embedded WebApplicationContext
2023-11-14 11:27:18 [main] INFO  o.a.coyote.http11.Http11NioProtocol - Starting ProtocolHandler ["http-nio-8892"]
2023-11-14 11:27:18 [main] INFO  github.wx.v3.CRV2Application - Started CRV2Application in 2.012 seconds (JVM running for 2.683)
2023-11-14 11:27:29 [http-nio-8892-exec-1] INFO  o.a.c.c.C.[Tomcat].[localhost].[/] - Initializing Spring DispatcherServlet 'dispatcherServlet'
2023-11-14 11:27:30 [http-nio-8892-exec-1] INFO  g.w.v2.service.impl.OrderServiceImpl - get data from database
2023-11-14 11:27:30 [http-nio-8892-exec-1] INFO  com.zaxxer.hikari.HikariDataSource - MyHikariCP - Starting...
2023-11-14 11:27:30 [http-nio-8892-exec-1] INFO  com.zaxxer.hikari.HikariDataSource - MyHikariCP - Start completed.
2023-11-14 11:28:06 [http-nio-8892-exec-4] INFO  g.w.v2.service.impl.OrderServiceImpl - get data from database
2023-11-14 11:28:59 [http-nio-8892-exec-6] INFO  g.w.v2.service.impl.OrderServiceImpl - get data from database
2023-11-14 11:29:32 [main] INFO  github.wx.v3.CRV2Application - Starting CRV2Application using Java 1.8.0_181 on LEGION-Ronin with PID 15684 (D:\javaLearning\javaProject\CR-Cache\v2\target\classes started by 25385 in D:\javaLearning\javaProject\CR-Cache)
2023-11-14 11:29:32 [main] INFO  github.wx.v3.CRV2Application - No active profile set, falling back to default profiles: default
2023-11-14 11:29:33 [main] INFO  o.a.coyote.http11.Http11NioProtocol - Initializing ProtocolHandler ["http-nio-8892"]
2023-11-14 11:29:33 [main] INFO  o.a.catalina.core.StandardService - Starting service [Tomcat]
2023-11-14 11:29:33 [main] INFO  o.a.catalina.core.StandardEngine - Starting Servlet engine: [Apache Tomcat/9.0.55]
2023-11-14 11:29:33 [main] INFO  o.a.c.c.C.[Tomcat].[localhost].[/] - Initializing Spring embedded WebApplicationContext
2023-11-14 11:29:34 [main] INFO  o.a.coyote.http11.Http11NioProtocol - Starting ProtocolHandler ["http-nio-8892"]
2023-11-14 11:29:34 [main] INFO  github.wx.v3.CRV2Application - Started CRV2Application in 2.35 seconds (JVM running for 3.175)
2023-11-14 11:29:36 [http-nio-8892-exec-2] INFO  o.a.c.c.C.[Tomcat].[localhost].[/] - Initializing Spring DispatcherServlet 'dispatcherServlet'
2023-11-14 11:29:37 [http-nio-8892-exec-2] INFO  g.w.v2.service.impl.OrderServiceImpl - get data from database
2023-11-14 11:29:37 [http-nio-8892-exec-2] INFO  com.zaxxer.hikari.HikariDataSource - MyHikariCP - Starting...
2023-11-14 11:29:37 [http-nio-8892-exec-2] INFO  com.zaxxer.hikari.HikariDataSource - MyHikariCP - Start completed.
2023-11-14 11:30:54 [http-nio-8892-exec-4] INFO  g.w.v2.service.impl.OrderServiceImpl - get data from database
2023-11-14 11:32:22 [SpringApplicationShutdownHook] INFO  com.zaxxer.hikari.HikariDataSource - MyHikariCP - Shutdown initiated...
2023-11-14 11:32:22 [SpringApplicationShutdownHook] INFO  com.zaxxer.hikari.HikariDataSource - MyHikariCP - Shutdown completed.
2023-11-14 11:32:25 [main] INFO  github.wx.v3.CRV2Application - Starting CRV2Application using Java 1.8.0_181 on LEGION-Ronin with PID 18576 (D:\javaLearning\javaProject\CR-Cache\v2\target\classes started by 25385 in D:\javaLearning\javaProject\CR-Cache)
2023-11-14 11:32:25 [main] INFO  github.wx.v3.CRV2Application - No active profile set, falling back to default profiles: default
2023-11-14 11:32:26 [main] INFO  o.a.coyote.http11.Http11NioProtocol - Initializing ProtocolHandler ["http-nio-8892"]
2023-11-14 11:32:26 [main] INFO  o.a.catalina.core.StandardService - Starting service [Tomcat]
2023-11-14 11:32:26 [main] INFO  o.a.catalina.core.StandardEngine - Starting Servlet engine: [Apache Tomcat/9.0.55]
2023-11-14 11:32:26 [main] INFO  o.a.c.c.C.[Tomcat].[localhost].[/] - Initializing Spring embedded WebApplicationContext
2023-11-14 11:32:27 [main] INFO  o.a.coyote.http11.Http11NioProtocol - Starting ProtocolHandler ["http-nio-8892"]
2023-11-14 11:32:27 [main] INFO  github.wx.v3.CRV2Application - Started CRV2Application in 2.308 seconds (JVM running for 3.125)
2023-11-14 11:32:31 [http-nio-8892-exec-1] INFO  o.a.c.c.C.[Tomcat].[localhost].[/] - Initializing Spring DispatcherServlet 'dispatcherServlet'
2023-11-14 11:32:32 [http-nio-8892-exec-1] INFO  g.w.v2.service.impl.OrderServiceImpl - get data from database
2023-11-14 11:32:32 [http-nio-8892-exec-1] INFO  com.zaxxer.hikari.HikariDataSource - MyHikariCP - Starting...
2023-11-14 11:32:32 [http-nio-8892-exec-1] INFO  com.zaxxer.hikari.HikariDataSource - MyHikariCP - Start completed.
2023-11-14 11:34:12 [SpringApplicationShutdownHook] INFO  com.zaxxer.hikari.HikariDataSource - MyHikariCP - Shutdown initiated...
2023-11-14 11:34:12 [SpringApplicationShutdownHook] INFO  com.zaxxer.hikari.HikariDataSource - MyHikariCP - Shutdown completed.
2023-11-14 11:34:14 [main] INFO  github.wx.v3.CRV2Application - Starting CRV2Application using Java 1.8.0_181 on LEGION-Ronin with PID 58244 (D:\javaLearning\javaProject\CR-Cache\v2\target\classes started by 25385 in D:\javaLearning\javaProject\CR-Cache)
2023-11-14 11:34:14 [main] INFO  github.wx.v3.CRV2Application - No active profile set, falling back to default profiles: default
2023-11-14 11:34:15 [main] INFO  o.a.coyote.http11.Http11NioProtocol - Initializing ProtocolHandler ["http-nio-8892"]
2023-11-14 11:34:15 [main] INFO  o.a.catalina.core.StandardService - Starting service [Tomcat]
2023-11-14 11:34:15 [main] INFO  o.a.catalina.core.StandardEngine - Starting Servlet engine: [Apache Tomcat/9.0.55]
2023-11-14 11:34:15 [main] INFO  o.a.c.c.C.[Tomcat].[localhost].[/] - Initializing Spring embedded WebApplicationContext
2023-11-14 11:34:16 [main] INFO  o.a.coyote.http11.Http11NioProtocol - Starting ProtocolHandler ["http-nio-8892"]
2023-11-14 11:34:16 [main] INFO  github.wx.v3.CRV2Application - Started CRV2Application in 2.105 seconds (JVM running for 2.786)
2023-11-14 11:34:18 [http-nio-8892-exec-2] INFO  o.a.c.c.C.[Tomcat].[localhost].[/] - Initializing Spring DispatcherServlet 'dispatcherServlet'
2023-11-14 11:35:20 [http-nio-8892-exec-4] INFO  g.w.v2.service.impl.OrderServiceImpl - update order data
2023-11-14 11:35:20 [http-nio-8892-exec-4] INFO  com.zaxxer.hikari.HikariDataSource - MyHikariCP - Starting...
2023-11-14 11:35:20 [http-nio-8892-exec-4] INFO  com.zaxxer.hikari.HikariDataSource - MyHikariCP - Start completed.
2023-11-14 12:05:36 [main] INFO  github.wx.v3.CRV2Application - Starting CRV2Application using Java 1.8.0_181 on LEGION-Ronin with PID 56040 (D:\javaLearning\javaProject\CR-Cache\v2\target\classes started by 25385 in D:\javaLearning\javaProject\CR-Cache)
2023-11-14 12:05:36 [main] INFO  github.wx.v3.CRV2Application - No active profile set, falling back to default profiles: default
2023-11-14 12:05:36 [main] INFO  o.a.coyote.http11.Http11NioProtocol - Initializing ProtocolHandler ["http-nio-8892"]
2023-11-14 12:05:36 [main] INFO  o.a.catalina.core.StandardService - Starting service [Tomcat]
2023-11-14 12:05:36 [main] INFO  o.a.catalina.core.StandardEngine - Starting Servlet engine: [Apache Tomcat/9.0.55]
2023-11-14 12:05:36 [main] INFO  o.a.c.c.C.[Tomcat].[localhost].[/] - Initializing Spring embedded WebApplicationContext
2023-11-14 12:05:37 [main] INFO  o.a.coyote.http11.Http11NioProtocol - Starting ProtocolHandler ["http-nio-8892"]
2023-11-14 12:05:37 [main] INFO  github.wx.v3.CRV2Application - Started CRV2Application in 2.057 seconds (JVM running for 2.762)
